<?xml version="1.0" encoding="UTF-8"?>
<!-- Generated by org.testng.reporters.JUnitXMLReporter -->
<testsuite hostname="DESKTOP-KIR481R" ignored="1" name="Test" tests="2" failures="0" timestamp="2022-11-02T12:39:25 IST" time="39.504" errors="0">
  <testcase name="actiLoginscript" time="3.903" classname="scripts.actiLoginScript_TC1"/>
  <testcase name="addUsercript" time="10.687" classname="scripts.addUserScript_TC2"/>
  <testcase name="@AfterSuite killDriver" time="0.0" classname="generic.baseTest">
    <ignored/>
  </testcase> <!-- @AfterSuite killDriver -->
</testsuite> <!-- Test -->
